Arguments: 
  C:\Program Files\nodejs\node.exe C:\Users\Cecilia\AppData\Roaming\npm\node_modules\vtex\node_modules\yarn\bin\yarn.js --non-interactive --ignore-engines

PATH: 
  C:\Program Files\Common Files\Oracle\Java\javapath;C:\Windows\system32;C:\Windows;C:\Windows\System32\Wbem;C:\Windows\System32\WindowsPowerShell\v1.0\;C:\Program Files\Java\jdk-11.0.10\bin;C:\Program Files\Git\cmd;C:\Program Files\nodejs\;C:\Program Files\MySQL\MySQL Shell 8.0\bin\;C:\Users\Cecilia\AppData\Local\Programs\Python\Launcher\;C:\Users\Cecilia\AppData\Local\Programs\Microsoft VS Code\bin;C:\Users\Cecilia\AppData\Roaming\npm

Yarn version: 
  1.22.11

Node version: 
  13.14.0

Platform: 
  win32 x64

Trace: 
  SyntaxError: C:\Users\Cecilia\Desktop\upmedal.store\store-block-template\package.json: Unexpected string in JSON at position 49
      at JSON.parse (<anonymous>)
      at C:\Users\Cecilia\AppData\Roaming\npm\node_modules\vtex\node_modules\yarn\lib\cli.js:1625:59
      at Generator.next (<anonymous>)
      at step (C:\Users\Cecilia\AppData\Roaming\npm\node_modules\vtex\node_modules\yarn\lib\cli.js:310:30)
      at C:\Users\Cecilia\AppData\Roaming\npm\node_modules\vtex\node_modules\yarn\lib\cli.js:321:13

npm manifest: 
  {
    "name": "react",
    "version": "1.0.0",
    "main": "index.js",
    "license": "MIT"
  }

yarn manifest: 
  No manifest

Lockfile: 
  # THIS IS AN AUTOGENERATED FILE. DO NOT EDIT THIS FILE DIRECTLY.
  # yarn lockfile v1
